This is pdfTeX, Version 3.14159265-2.6-1.40.16 (TeX Live 2015/Debian) (preloaded format=pdflatex 2018.10.12)  30 MAR 2019 00:16
entering extended mode
 restricted \write18 enabled.
 %&-line parsing enabled.
**dissertation.tex
(./dissertation.tex
LaTeX2e <2016/02/01>
Babel <3.9q> and hyphenation patterns for 5 language(s) loaded.
(/usr/share/texlive/texmf-dist/tex/latex/base/report.cls
Document Class: report 2014/09/29 v1.4h Standard LaTeX document class
(/usr/share/texlive/texmf-dist/tex/latex/base/size11.clo
File: size11.clo 2014/09/29 v1.4h Standard LaTeX file (size option)
)
\c@part=\count79
\c@chapter=\count80
\c@section=\count81
\c@subsection=\count82
\c@subsubsection=\count83
\c@paragraph=\count84
\c@subparagraph=\count85
\c@figure=\count86
\c@table=\count87
\abovecaptionskip=\skip41
\belowcaptionskip=\skip42
\bibindent=\dimen102
) (./dissertation.sty
Package: dissertation 2012/12/13 Stirling Computing Science Dissertation

(/usr/share/texlive/texmf-dist/tex/latex/a4wide/a4wide.sty
Package: a4wide 1994/08/30

(/usr/share/texlive/texmf-dist/tex/latex/ntgclass/a4.sty
Package: a4 2004/04/15 v1.2g A4 based page layout
)) (./graphic.sty
Package: graphic 2006/03/09 WMF/EPS/PDF Graphics

(/usr/share/texlive/texmf-dist/tex/generic/oberdiek/ifpdf.sty
Package: ifpdf 2011/01/30 v2.3 Provides the ifpdf switch (HO)
Package ifpdf Info: pdfTeX in PDF mode is detected.
)
(/usr/share/texlive/texmf-dist/tex/latex/graphics/graphicx.sty
Package: graphicx 2014/10/28 v1.0g Enhanced LaTeX Graphics (DPC,SPQR)

(/usr/share/texlive/texmf-dist/tex/latex/graphics/keyval.sty
Package: keyval 2014/10/28 v1.15 key=value parser (DPC)
\KV@toks@=\toks14
)
(/usr/share/texlive/texmf-dist/tex/latex/graphics/graphics.sty
Package: graphics 2016/01/03 v1.0q Standard LaTeX Graphics (DPC,SPQR)

(/usr/share/texlive/texmf-dist/tex/latex/graphics/trig.sty
Package: trig 2016/01/03 v1.10 sin cos tan (DPC)
)
(/usr/share/texlive/texmf-dist/tex/latex/latexconfig/graphics.cfg
File: graphics.cfg 2010/04/23 v1.9 graphics configuration of TeX Live
)
Package graphics Info: Driver file: pdftex.def on input line 95.

(/usr/share/texlive/texmf-dist/tex/latex/pdftex-def/pdftex.def
File: pdftex.def 2011/05/27 v0.06d Graphics/color for pdfTeX

(/usr/share/texlive/texmf-dist/tex/generic/oberdiek/infwarerr.sty
Package: infwarerr 2010/04/08 v1.3 Providing info/warning/error messages (HO)
)
(/usr/share/texlive/texmf-dist/tex/generic/oberdiek/ltxcmds.sty
Package: ltxcmds 2011/11/09 v1.22 LaTeX kernel commands for general use (HO)
)
\Gread@gobject=\count88
))
\Gin@req@height=\dimen103
\Gin@req@width=\dimen104
))
(./intro.sty) (/usr/share/texlive/texmf-dist/tex/latex/psnfss/times.sty
Package: times 2005/04/12 PSNFSS-v9.2a (SPQR) 
)
(/usr/share/texlive/texmf-dist/tex/latex/url/url.sty
\Urlmuskip=\muskip10
Package: url 2013/09/16  ver 3.4  Verb mode for urls, etc.
)) (./identfirst.sty)
(/usr/share/texlive/texmf-dist/tex/latex/chngcntr/chngcntr.sty
Package: chngcntr 2009/09/02 v1.0a change counter resetting
)
(./dissertation.aux

LaTeX Warning: Label `fabricLedger' multiply defined.

)
\openout1 = `dissertation.aux'.

LaTeX Font Info:    Checking defaults for OML/cmm/m/it on input line 25.
LaTeX Font Info:    ... okay on input line 25.
LaTeX Font Info:    Checking defaults for T1/cmr/m/n on input line 25.
LaTeX Font Info:    ... okay on input line 25.
LaTeX Font Info:    Checking defaults for OT1/cmr/m/n on input line 25.
LaTeX Font Info:    ... okay on input line 25.
LaTeX Font Info:    Checking defaults for OMS/cmsy/m/n on input line 25.
LaTeX Font Info:    ... okay on input line 25.
LaTeX Font Info:    Checking defaults for OMX/cmex/m/n on input line 25.
LaTeX Font Info:    ... okay on input line 25.
LaTeX Font Info:    Checking defaults for U/cmr/m/n on input line 25.
LaTeX Font Info:    ... okay on input line 25.
LaTeX Font Info:    Try loading font information for OT1+ptm on input line 25.
 (/usr/share/texlive/texmf-dist/tex/latex/psnfss/ot1ptm.fd
File: ot1ptm.fd 2001/06/04 font definitions for OT1/ptm.
)
(/usr/share/texlive/texmf-dist/tex/context/base/supp-pdf.mkii
[Loading MPS to PDF converter (version 2006.09.02).]
\scratchcounter=\count89
\scratchdimen=\dimen105
\scratchbox=\box26
\nofMPsegments=\count90
\nofMParguments=\count91
\everyMPshowfont=\toks15
\MPscratchCnt=\count92
\MPscratchDim=\dimen106
\MPnumerator=\count93
\makeMPintoPDFobject=\count94
\everyMPtoPDFconversion=\toks16
) (/usr/share/texlive/texmf-dist/tex/generic/oberdiek/pdftexcmds.sty
Package: pdftexcmds 2011/11/29 v0.20 Utility functions of pdfTeX for LuaTeX (HO
)

(/usr/share/texlive/texmf-dist/tex/generic/oberdiek/ifluatex.sty
Package: ifluatex 2010/03/01 v1.3 Provides the ifluatex switch (HO)
Package ifluatex Info: LuaTeX not detected.
)
Package pdftexcmds Info: LuaTeX not detected.
Package pdftexcmds Info: \pdf@primitive is available.
Package pdftexcmds Info: \pdf@ifprimitive is available.
Package pdftexcmds Info: \pdfdraftmode found.
)
(/usr/share/texlive/texmf-dist/tex/latex/oberdiek/epstopdf-base.sty
Package: epstopdf-base 2010/02/09 v2.5 Base part for package epstopdf

(/usr/share/texlive/texmf-dist/tex/latex/oberdiek/grfext.sty
Package: grfext 2010/08/19 v1.1 Manage graphics extensions (HO)

(/usr/share/texlive/texmf-dist/tex/generic/oberdiek/kvdefinekeys.sty
Package: kvdefinekeys 2011/04/07 v1.3 Define keys (HO)
))
(/usr/share/texlive/texmf-dist/tex/latex/oberdiek/kvoptions.sty
Package: kvoptions 2011/06/30 v3.11 Key value format for package options (HO)

(/usr/share/texlive/texmf-dist/tex/generic/oberdiek/kvsetkeys.sty
Package: kvsetkeys 2012/04/25 v1.16 Key value parser (HO)

(/usr/share/texlive/texmf-dist/tex/generic/oberdiek/etexcmds.sty
Package: etexcmds 2011/02/16 v1.5 Avoid name clashes with e-TeX commands (HO)
Package etexcmds Info: Could not find \expanded.
(etexcmds)             That can mean that you are not using pdfTeX 1.50 or
(etexcmds)             that some package has redefined \expanded.
(etexcmds)             In the latter case, load this package earlier.
)))
Package grfext Info: Graphics extension search list:
(grfext)             [.pdf,.eps]
(grfext)             \AppendGraphicsExtensions on input line 452.

(/usr/share/texlive/texmf-dist/tex/latex/latexconfig/epstopdf-sys.cfg
File: epstopdf-sys.cfg 2010/07/13 v1.3 Configuration of (r)epstopdf for TeX Liv
e
))
LaTeX Font Info:    Font shape `OT1/ptm/bx/n' in size <17.28> not available
(Font)              Font shape `OT1/ptm/b/n' tried instead on input line 27.
LaTeX Font Info:    Font shape `OT1/ptm/bx/n' in size <14.4> not available
(Font)              Font shape `OT1/ptm/b/n' tried instead on input line 27.
LaTeX Font Info:    External font `cmex10' loaded for size
(Font)              <14.4> on input line 27.
LaTeX Font Info:    External font `cmex10' loaded for size
(Font)              <7> on input line 27.
LaTeX Font Info:    Font shape `OT1/ptm/bx/n' in size <10> not available
(Font)              Font shape `OT1/ptm/b/n' tried instead on input line 27.
LaTeX Font Info:    Font shape `OT1/ptm/bx/n' in size <12> not available
(Font)              Font shape `OT1/ptm/b/n' tried instead on input line 27.

[0

{/var/lib/texmf/fonts/map/pdftex/updmap/pdftex.map}] [1]
Abstract.
LaTeX Font Info:    Font shape `OT1/ptm/bx/n' in size <20.74> not available
(Font)              Font shape `OT1/ptm/b/n' tried instead on input line 43.
LaTeX Font Info:    Font shape `OT1/ptm/bx/n' in size <10.95> not available
(Font)              Font shape `OT1/ptm/b/n' tried instead on input line 51.
Missing character: There is no ‚ in font ptmr7t!
Missing character: There is no Ä in font ptmr7t!
Missing character: There is no ô in font ptmr7t!
[2


]
Attestation.
LaTeX Font Info:    Try loading font information for OMS+ptm on input line 84.
(/usr/share/texlive/texmf-dist/tex/latex/psnfss/omsptm.fd
File: omsptm.fd 
)
LaTeX Font Info:    Font shape `OMS/ptm/m/n' in size <10.95> not available
(Font)              Font shape `OMS/cmsy/m/n' tried instead on input line 84.


LaTeX Warning: Reference `technical-section2' on page iii undefined on input li
ne 84.

LaTeX Font Info:    External font `cmex10' loaded for size
(Font)              <10.95> on input line 86.
LaTeX Font Info:    External font `cmex10' loaded for size
(Font)              <8> on input line 86.
LaTeX Font Info:    External font `cmex10' loaded for size
(Font)              <6> on input line 86.

LaTeX Warning: Reference `technical-section1' on page iii undefined on input li
ne 89.


LaTeX Warning: Reference `technical-subsection1' on page iii undefined on input
 line 94.


LaTeX Warning: Reference `technical-subsubsection2' on page iii undefined on in
put line 98.

[3

]
Acknowledgements.
[4

]
LaTeX Font Info:    Font shape `OT1/ptm/bx/n' in size <24.88> not available
(Font)              Font shape `OT1/ptm/b/n' tried instead on input line 123.
 (./dissertation.toc [5

])
\tf@toc=\write3
\openout3 = `dissertation.toc'.

 [6] (./dissertation.lof)
\tf@lof=\write4
\openout4 = `dissertation.lof'.

 [7

]
Chapter 1.
Missing character: There is no ‚ in font ptmr7t!
Missing character: There is no Ä in font ptmr7t!
Missing character: There is no ô in font ptmr7t!
[1


]
Overfull \hbox (43.37823pt too wide) in paragraph at lines 169--170
[]\OT1/ptm/m/n/10.95 Composer's doc-u-men-ta-tion - https://hyperledger.github.
io/composer/latest/introduction/introduction.html 
 []

[2] [3]
Chapter 2.
Missing character: There is no ‚ in font ptmr7t!
Missing character: There is no Ä in font ptmr7t!
Missing character: There is no ì in font ptmr7t!
Missing character: There is no ‚ in font ptmr7t!
Missing character: There is no Ä in font ptmr7t!
Missing character: There is no ì in font ptmr7t!
Missing character: There is no ‚ in font ptmr7t!
Missing character: There is no Ä in font ptmr7t!
Missing character: There is no ú in font ptmr7t!
Missing character: There is no ‚ in font ptmr7t!
Missing character: There is no Ä in font ptmr7t!
Missing character: There is no ù in font ptmr7t!
Missing character: There is no ‚ in font ptmr7t!
Missing character: There is no Ä in font ptmr7t!
Missing character: There is no ô in font ptmr7t!
Missing character: There is no ‚ in font ptmr7t!
Missing character: There is no Ä in font ptmr7t!
Missing character: There is no ô in font ptmr7t!
[4

]
Missing character: There is no ‚ in font ptmr7t!
Missing character: There is no Ä in font ptmr7t!
Missing character: There is no ô in font ptmr7t!
Missing character: There is no ‚ in font ptmr7t!
Missing character: There is no Ä in font ptmr7t!
Missing character: There is no ô in font ptmr7t!
Missing character: There is no ‚ in font ptmr7t!
Missing character: There is no Ä in font ptmr7t!
Missing character: There is no ô in font ptmr7t!
Missing character: There is no ‚ in font ptmr7t!
Missing character: There is no Ä in font ptmr7t!
Missing character: There is no ò in font ptmr7t!
Missing character: There is no ‚ in font ptmr7t!
Missing character: There is no Ä in font ptmr7t!
Missing character: There is no ô in font ptmr7t!
Missing character: There is no ‚ in font ptmr7t!
Missing character: There is no Ä in font ptmr7t!
Missing character: There is no ú in font ptmr7t!
Missing character: There is no ‚ in font ptmr7t!
Missing character: There is no Ä in font ptmr7t!
Missing character: There is no ù in font ptmr7t!
Missing character: There is no ‚ in font ptmr7t!
Missing character: There is no Ä in font ptmr7t!
Missing character: There is no ú in font ptmr7t!
Missing character: There is no ‚ in font ptmr7t!
Missing character: There is no Ä in font ptmr7t!
Missing character: There is no ù in font ptmr7t!
Missing character: There is no ‚ in font ptmr7t!
Missing character: There is no Ä in font ptmr7t!
Missing character: There is no ò in font ptmr7t!
Missing character: There is no ‚ in font ptmr7t!
Missing character: There is no Ä in font ptmr7t!
Missing character: There is no ô in font ptmr7t!
 [5]
Missing character: There is no ‚ in font ptmr7t!
Missing character: There is no Ä in font ptmr7t!
Missing character: There is no ò in font ptmr7t!
Missing character: There is no ‚ in font ptmr7t!
Missing character: There is no Ä in font ptmr7t!
Missing character: There is no ô in font ptmr7t!
 <infographics0517-01-1.png, id=48, 1606.0pt x 843.15pt>
File: infographics0517-01-1.png Graphic file (type png)

<use infographics0517-01-1.png>
Package pdftex.def Info: infographics0517-01-1.png used on input line 267.
(pdftex.def)             Requested size: 455.24408pt x 239.00084pt.

Overfull \hbox (12.59033pt too wide) in paragraph at lines 267--268
 [][] 
 []

[6 <./infographics0517-01-1.png>]
Missing character: There is no ‚ in font ptmr7t!
Missing character: There is no Ä in font ptmr7t!
Missing character: There is no ô in font ptmr7t!
Missing character: There is no ‚ in font ptmr7t!
Missing character: There is no Ä in font ptmr7t!
Missing character: There is no ô in font ptmr7t!
Missing character: There is no ‚ in font ptmr7t!
Missing character: There is no Ä in font ptmr7t!
Missing character: There is no ô in font ptmr7t!
 [7]
Missing character: There is no ‚ in font ptmr7t!
Missing character: There is no Ä in font ptmr7t!
Missing character: There is no ô in font ptmr7t!
Missing character: There is no ‚ in font ptmr7t!
Missing character: There is no Ä in font ptmr7t!
Missing character: There is no ô in font ptmr7t!
Missing character: There is no ‚ in font ptmr7t!
Missing character: There is no Ä in font ptmr7t!
Missing character: There is no ô in font ptmr7t!
Missing character: There is no ‚ in font ptmr7t!
Missing character: There is no Ä in font ptmr7t!
Missing character: There is no ô in font ptmr7t!

Overfull \hbox (4.39081pt too wide) in paragraph at lines 317--320
[]\OT1/ptm/m/n/10.95 The SIM card is used as an an-chor of trust. Since the sys
-tem is pri-vate and per-mis-sioned blockchain,
 []

[8]
Missing character: There is no ‚ in font ptmr7t!
Missing character: There is no Ä in font ptmr7t!
Missing character: There is no ô in font ptmr7t!
 [9]
Chapter 3.
<container-what-is-container.png, id=62, 1204.5pt x 1042.89626pt>
File: container-what-is-container.png Graphic file (type png)

<use container-what-is-container.png>
Package pdftex.def Info: container-what-is-container.png used on input line 381
.
(pdftex.def)             Requested size: 455.24408pt x 394.17232pt.

Overfull \hbox (12.59033pt too wide) in paragraph at lines 381--382
 [][] 
 []


LaTeX Warning: `h' float specifier changed to `ht'.


LaTeX Warning: Citation `stackoverflow' on page 10 undefined on input line 393.


[10

]
Missing character: There is no ‚ in font ptmr7t!
Missing character: There is no Ä in font ptmr7t!
Missing character: There is no ô in font ptmr7t!
Missing character: There is no ‚ in font ptmr7t!
Missing character: There is no Ä in font ptmr7t!
Missing character: There is no ô in font ptmr7t!
 [11 <./container-what-is-container.png>]
Missing character: There is no ‚ in font ptmr7t!
Missing character: There is no Ä in font ptmr7t!
Missing character: There is no ô in font ptmr7t!
 [12]
Chapter 4.
Missing character: There is no ‚ in font ptmr7t!
Missing character: There is no Ä in font ptmr7t!
Missing character: There is no ú in font ptmr7t!
Missing character: There is no ‚ in font ptmr7t!
Missing character: There is no Ä in font ptmr7t!
Missing character: There is no ù in font ptmr7t!
Missing character: There is no ‚ in font ptmr7t!
Missing character: There is no Ä in font ptmr7t!
Missing character: There is no ú in font ptmr7t!
Missing character: There is no ‚ in font ptmr7t!
Missing character: There is no Ä in font ptmr7t!
Missing character: There is no ù in font ptmr7t!
Missing character: There is no ‚ in font ptmr7t!
Missing character: There is no Ä in font ptmr7t!
Missing character: There is no ô in font ptmr7t!
Missing character: There is no ‚ in font ptmr7t!
Missing character: There is no Ä in font ptmr7t!
Missing character: There is no ô in font ptmr7t!
[13

]
Missing character: There is no ‚ in font ptmr7t!
Missing character: There is no Ä in font ptmr7t!
Missing character: There is no ô in font ptmr7t!
Missing character: There is no ‚ in font ptmr7t!
Missing character: There is no Ä in font ptmr7t!
Missing character: There is no ô in font ptmr7t!
Missing character: There is no ‚ in font ptmr7t!
Missing character: There is no Ä in font ptmr7t!
Missing character: There is no ô in font ptmr7t!
 [14]
Missing character: There is no ‚ in font ptmr7t!
Missing character: There is no Ä in font ptmr7t!
Missing character: There is no ô in font ptmr7t!
 [15] <ledgerdiagram1.png, id=84, 683.55376pt x 307.1475pt>
File: ledgerdiagram1.png Graphic file (type png)

<use ledgerdiagram1.png>
Package pdftex.def Info: ledgerdiagram1.png used on input line 467.
(pdftex.def)             Requested size: 455.24408pt x 204.56453pt.

Overfull \hbox (12.59033pt too wide) in paragraph at lines 467--468
 [][] 
 []

<ledgerdiagram2.png, id=85, 822.07124pt x 366.36874pt>
File: ledgerdiagram2.png Graphic file (type png)

<use ledgerdiagram2.png>
Package pdftex.def Info: ledgerdiagram2.png used on input line 480.
(pdftex.def)             Requested size: 455.24408pt x 202.88423pt.

Overfull \hbox (12.59033pt too wide) in paragraph at lines 480--481
 [][] 
 []


LaTeX Warning: `h' float specifier changed to `ht'.

[16 <./ledgerdiagram1.png>]
Missing character: There is no ‚ in font ptmr7t!
Missing character: There is no Ä in font ptmr7t!
Missing character: There is no ô in font ptmr7t!
Missing character: There is no ‚ in font ptmr7t!
Missing character: There is no Ä in font ptmr7t!
Missing character: There is no ô in font ptmr7t!
 [17 <./ledgerdiagram2.png>]
Missing character: There is no ‚ in font ptmr7t!
Missing character: There is no Ä in font ptmr7t!
Missing character: There is no ô in font ptmr7t!
Missing character: There is no ‚ in font ptmr7t!
Missing character: There is no Ä in font ptmr7t!
Missing character: There is no ô in font ptmr7t!
 [18]
Missing character: There is no ‚ in font ptmr7t!
Missing character: There is no Ä in font ptmr7t!
Missing character: There is no ô in font ptmr7t!
 [19]
Missing character: There is no ‚ in font ptmr7t!
Missing character: There is no Ä in font ptmr7t!
Missing character: There is no ú in font ptmr7t!
Missing character: There is no ‚ in font ptmr7t!
Missing character: There is no Ä in font ptmr7t!
Missing character: There is no ù in font ptmr7t!

<cryptoconfig1.png, id=101, 734.745pt x 260.975pt>
File: cryptoconfig1.png Graphic file (type png)
 <use cryptoconfig1.png>
Package pdftex.def Info: cryptoconfig1.png used on input line 566.
(pdftex.def)             Requested size: 455.24408pt x 161.70328pt.

Overfull \hbox (12.59033pt too wide) in paragraph at lines 566--567
 [][] 
 []

[20 <./cryptoconfig1.png>]
<cryptoconfig2.png, id=105, 727.71875pt x 129.48375pt>
File: cryptoconfig2.png Graphic file (type png)
 <use cryptoconfig2.png>
Package pdftex.def Info: cryptoconfig2.png used on input line 581.
(pdftex.def)             Requested size: 455.24408pt x 81.00418pt.

Overfull \hbox (12.59033pt too wide) in paragraph at lines 581--582
 [][] 
 []

<cryptoconfig3.png, id=106, 712.6625pt x 204.765pt>
File: cryptoconfig3.png Graphic file (type png)
 <use cryptoconfig3.png>
Package pdftex.def Info: cryptoconfig3.png used on input line 590.
(pdftex.def)             Requested size: 455.24408pt x 130.8023pt.

Overfull \hbox (12.59033pt too wide) in paragraph at lines 590--591
 [][] 
 []

<configtx1.png, id=107, 750.805pt x 579.16376pt>
File: configtx1.png Graphic file (type png)
 <use configtx1.png>
Package pdftex.def Info: configtx1.png used on input line 605.
(pdftex.def)             Requested size: 455.24408pt x 351.17725pt.

Overfull \hbox (12.59033pt too wide) in paragraph at lines 605--606
 [][] 
 []


LaTeX Warning: `h' float specifier changed to `ht'.

Missing character: There is no ‚ in font ptmr7t!
Missing character: There is no Ä in font ptmr7t!
Missing character: There is no ô in font ptmr7t!
[21 <./cryptoconfig2.png> <./cryptoconfig3.png>]
<configtx2.png, id=111, 819.06pt x 499.8675pt>
File: configtx2.png Graphic file (type png)
 <use configtx2.png>
Package pdftex.def Info: configtx2.png used on input line 616.
(pdftex.def)             Requested size: 455.24408pt x 277.84161pt.

Overfull \hbox (12.59033pt too wide) in paragraph at lines 616--617
 [][] 
 []


LaTeX Warning: `h' float specifier changed to `ht'.

[22 <./configtx1.png>] <configtx3.png, id=115, 727.71875pt x 454.69875pt>
File: configtx3.png Graphic file (type png)

<use configtx3.png>
Package pdftex.def Info: configtx3.png used on input line 634.
(pdftex.def)             Requested size: 455.24408pt x 284.4566pt.

Overfull \hbox (12.59033pt too wide) in paragraph at lines 634--635
 [][] 
 []


LaTeX Warning: `h' float specifier changed to `ht'.

[23 <./configtx2.png>] [24 <./configtx3.png>]
Chapter 5.
[25

]
Chapter 6.
[26

]
Chapter 7.
[27

]
Chapter 8.
(./dissertation.bbl [28

]
Underfull \hbox (badness 10000) in paragraph at lines 18--22
[]\OT1/ptm/m/n/10.95 Altoros staff.  A Blockchain-Based Plat-form for Au-tomat-
ing Bond Is-su-
 []


Underfull \hbox (badness 10000) in paragraph at lines 18--22
\OT1/ptm/m/n/10.95 ing Worth 10M.  [On-line]. Avail-able: $\OT1/ptm/m/it/10.95 
https : / / www . altoros . com / portfolio /
 []


Underfull \hbox (badness 1199) in paragraph at lines 48--52
[]\OT1/ptm/m/n/10.95 Christina Ma-jaski.  Dis-tributed Ledgers Def-i-ni-tion.  
[On-line]. Avail-able: $\OT1/ptm/m/it/10.95 https : / / www .
 []


Underfull \hbox (badness 10000) in paragraph at lines 54--59
[]\OT1/ptm/m/n/10.95 COTI Staff.  Ledgers over the years - from an-cient Egypt 
to blockchain,
 []


Underfull \hbox (badness 10000) in paragraph at lines 54--59
\OT1/ptm/m/n/10.95 DAG and be-yond.  [On-line]. Avail-able: $\OT1/ptm/m/it/10.9
5 https : / / medium . com / @COTInetwork /
 []


Underfull \hbox (badness 10000) in paragraph at lines 82--86
[]\OT1/ptm/m/n/10.95 IBM staff.  Maersk and IBM In-tro-duce Trade-Lens Blockcha
in Ship-
 []


Underfull \hbox (badness 10000) in paragraph at lines 82--86
\OT1/ptm/m/n/10.95 ping So-lu-tion.  [On-line]. Avail-able: $\OT1/ptm/m/it/10.9
5 https : / / newsroom . ibm . com /
 []

[29

]
Missing character: There is no ‚ in font ptmr7t!
Missing character: There is no Ä in font ptmr7t!
Missing character: There is no ì in font ptmr7t!

Underfull \hbox (badness 10000) in paragraph at lines 115--119
[]\OT1/ptm/m/n/10.95 SSL2Buy staff.  Sym-met-ric vs. Asym-met-ric En-cryp-tion 
 What are
 []


Underfull \hbox (badness 10000) in paragraph at lines 115--119
\OT1/ptm/m/n/10.95 dif-fer-ences?  [On-line]. Avail-able: $\OT1/ptm/m/it/10.95 
https : / / www . ssl2buy . com / wiki /
 []

) [30] (./dissertation.aux)

LaTeX Warning: There were undefined references.


LaTeX Warning: There were multiply-defined labels.

 ) 
Here is how much of TeX's memory you used:
 1861 strings out of 494910
 27081 string characters out of 6179835
 82001 words of memory out of 5000000
 5097 multiletter control sequences out of 15000+600000
 28924 words of font info for 54 fonts, out of 8000000 for 9000
 36 hyphenation exceptions out of 8191
 41i,7n,25p,829b,282s stack positions out of 5000i,500n,10000p,200000b,80000s
{/usr/share/texlive/texmf-dist/fonts/enc/dvips/base/8r.enc}</usr/share/texliv
e/texmf-dist/fonts/type1/public/amsfonts/cm/cmsy10.pfb></usr/share/texlive/texm
f-dist/fonts/type1/urw/times/utmb8a.pfb></usr/share/texlive/texmf-dist/fonts/ty
pe1/urw/times/utmr8a.pfb></usr/share/texlive/texmf-dist/fonts/type1/urw/times/u
tmri8a.pfb>
Output written on dissertation.pdf (38 pages, 575718 bytes).
PDF statistics:
 161 PDF objects out of 1000 (max. 8388607)
 101 compressed objects within 2 object streams
 0 named destinations out of 1000 (max. 500000)
 51 words of extra memory for PDF output out of 10000 (max. 10000000)

